<?xml version="1.0" encoding="UTF-8"?>
<testng-results ignored="0" total="5" passed="5" failed="0" skipped="0">
  <reporter-output>
  </reporter-output>
  <suite started-at="2024-12-26T13:06:25 IST" name="Default suite" finished-at="2024-12-26T13:07:22 IST" duration-ms="57016">
    <groups>
    </groups>
    <test started-at="2024-12-26T13:06:25 IST" name="Default test" finished-at="2024-12-26T13:07:22 IST" duration-ms="57016">
      <class name="Cooprate.SignIN">
        <test-method is-config="true" signature="setup()[pri:0, instance:Cooprate.SignIN@18df8434]" started-at="2024-12-26T13:06:25 IST" name="setup" finished-at="2024-12-26T13:06:32 IST" duration-ms="6264" status="PASS">
          <reporter-output>
          </reporter-output>
        </test-method> <!-- setup -->
        <test-method signature="testSignInButtonVisibility()[pri:1, instance:Cooprate.SignIN@18df8434]" started-at="2024-12-26T13:06:32 IST" name="testSignInButtonVisibility" finished-at="2024-12-26T13:06:32 IST" duration-ms="52" status="PASS">
          <reporter-output>
          </reporter-output>
        </test-method> <!-- testSignInButtonVisibility -->
        <test-method is-config="true" signature="setup()[pri:0, instance:Cooprate.SignIN@18df8434]" started-at="2024-12-26T13:06:32 IST" name="setup" finished-at="2024-12-26T13:06:36 IST" duration-ms="4821" status="PASS">
          <reporter-output>
          </reporter-output>
        </test-method> <!-- setup -->
        <test-method signature="testSignInPopup()[pri:2, instance:Cooprate.SignIN@18df8434]" started-at="2024-12-26T13:06:36 IST" name="testSignInPopup" finished-at="2024-12-26T13:06:37 IST" duration-ms="161" status="PASS">
          <reporter-output>
          </reporter-output>
        </test-method> <!-- testSignInPopup -->
        <test-method is-config="true" signature="setup()[pri:0, instance:Cooprate.SignIN@18df8434]" started-at="2024-12-26T13:06:37 IST" name="setup" finished-at="2024-12-26T13:06:42 IST" duration-ms="5807" status="PASS">
          <reporter-output>
          </reporter-output>
        </test-method> <!-- setup -->
        <test-method signature="test_Email_and_password_Field_Presence()[pri:3, instance:Cooprate.SignIN@18df8434]" started-at="2024-12-26T13:06:42 IST" name="test_Email_and_password_Field_Presence" finished-at="2024-12-26T13:06:43 IST" duration-ms="171" status="PASS">
          <reporter-output>
          </reporter-output>
        </test-method> <!-- test_Email_and_password_Field_Presence -->
        <test-method is-config="true" signature="setup()[pri:0, instance:Cooprate.SignIN@18df8434]" started-at="2024-12-26T13:06:43 IST" name="setup" finished-at="2024-12-26T13:06:52 IST" duration-ms="9202" status="PASS">
          <reporter-output>
          </reporter-output>
        </test-method> <!-- setup -->
        <test-method signature="testValidSignIn()[pri:4, instance:Cooprate.SignIN@18df8434]" started-at="2024-12-26T13:06:52 IST" name="testValidSignIn" finished-at="2024-12-26T13:06:52 IST" duration-ms="429" status="PASS">
          <reporter-output>
          </reporter-output>
        </test-method> <!-- testValidSignIn -->
        <test-method is-config="true" signature="setup()[pri:0, instance:Cooprate.SignIN@18df8434]" started-at="2024-12-26T13:06:52 IST" name="setup" finished-at="2024-12-26T13:07:21 IST" duration-ms="28315" status="PASS">
          <reporter-output>
          </reporter-output>
        </test-method> <!-- setup -->
        <test-method signature="testInvalidSignIn()[pri:5, instance:Cooprate.SignIN@18df8434]" started-at="2024-12-26T13:07:21 IST" name="testInvalidSignIn" finished-at="2024-12-26T13:07:22 IST" duration-ms="1449" status="PASS">
          <reporter-output>
          </reporter-output>
        </test-method> <!-- testInvalidSignIn -->
        <test-method is-config="true" signature="tearDown()[pri:0, instance:Cooprate.SignIN@18df8434]" started-at="2024-12-26T13:07:22 IST" name="tearDown" finished-at="2024-12-26T13:07:22 IST" duration-ms="288" status="PASS">
          <reporter-output>
          </reporter-output>
        </test-method> <!-- tearDown -->
      </class> <!-- Cooprate.SignIN -->
    </test> <!-- Default test -->
  </suite> <!-- Default suite -->
</testng-results>
