<?xml version="1.0" encoding="UTF-8"?>
<!-- Generated by org.testng.reporters.JUnitXMLReporter -->
<testsuite ignored="0" hostname="DESKTOP-T13BMDD" failures="0" tests="5" name="Default test" time="57.016" errors="0" timestamp="2024-12-26T13:07:22 IST">
  <testcase classname="Cooprate.SignIN" name="testSignInButtonVisibility" time="0.052"/>
  <testcase classname="Cooprate.SignIN" name="testSignInPopup" time="0.161"/>
  <testcase classname="Cooprate.SignIN" name="test_Email_and_password_Field_Presence" time="0.171"/>
  <testcase classname="Cooprate.SignIN" name="testValidSignIn" time="0.429"/>
  <testcase classname="Cooprate.SignIN" name="testInvalidSignIn" time="1.449"/>
</testsuite> <!-- Default test -->
